
================================================================
======== txAdmin Starting - 20/09/2022, 18:43:42                
================================================================
[18:44:33] [GuoTGamer] created admins file
[18:44:45] [GuoTGamer] Changing global settings via setup stepper and started Deployer.
[18:44:47] [GuoTGamer] Setting recipe.
[18:45:28] [GuoTGamer] Running recipe.
[18:46:44] [GuoTGamer] Completed and committed server deploy.
[18:49:38] [GuoTGamer] RESTART SERVER
[18:50:35] [GuoTGamer] logged in via in-game ui
[19:20:49] [GuoTGamer] RESTART SERVER
[19:22:22] [GuoTGamer] logged in via in-game ui
[19:23:35] [GuoTGamer] RESTART SERVER
[19:24:42] [GuoTGamer] logged in via in-game ui

================================================================
======== txAdmin Starting - 20/09/2022, 19:28:19                
================================================================
[19:29:14] [GuoTGamer] logged in via in-game ui
[19:32:34] [GuoTGamer] logged in from 127.0.0.1 via citizenfx
[19:32:34] [GuoTGamer] logged in via in-game ui
[19:32:40] [GuoTGamer] logged in from 127.0.0.1 via citizenfx
[19:32:40] [GuoTGamer] logged in via in-game ui
[19:36:25] [GuoTGamer] RESTART SERVER
[19:36:59] [GuoTGamer] RESTART SERVER
[19:38:50] [GuoTGamer] logged in via in-game ui
[19:40:48] [GuoTGamer] RESTART SERVER
[19:42:02] [GuoTGamer] RESTART SERVER
[19:42:59] [GuoTGamer] logged in via in-game ui
[19:45:55] [GuoTGamer] RESTART SERVER
[19:47:30] [GuoTGamer] logged in via in-game ui
[19:49:05] [GuoTGamer] RESTART SERVER
[19:50:01] [GuoTGamer] logged in via in-game ui
[19:51:51] [GuoTGamer] refresh
[19:52:03] [GuoTGamer] RESTART SERVER
[19:53:10] [GuoTGamer] logged in via in-game ui
[20:30:13] [GuoTGamer] RESTART SERVER
[20:31:17] [GuoTGamer] logged in via in-game ui
[20:41:31] [GuoTGamer] RESTART SERVER
[20:42:26] [GuoTGamer] logged in via in-game ui
[20:46:30] [GuoTGamer] RESTART SERVER
[20:47:27] [GuoTGamer] logged in via in-game ui
[16:41:33] [GuoTGamer] logged in from 127.0.0.1 via citizenfx
[16:41:52] [GuoTGamer] logged in from 127.0.0.1 via citizenfx
[16:43:13] [GuoTGamer] Adding admin 'Kuijerboi'.
[16:43:13] [Kuijerboi] logged in via in-game ui
[16:43:21] [Kuijerboi] logged in via in-game ui
[16:43:32] [Kuijerboi] logged in from via NUI iframe
[16:51:22] [GuoTGamer] RESTART SERVER
[16:53:11] [Kuijerboi] logged in via in-game ui
[17:15:09] [GuoTGamer] RESTART SERVER
[17:16:34] [Kuijerboi] logged in via in-game ui
[17:19:47] [GuoTGamer] RESTART SERVER
[17:22:05] [Kuijerboi] logged in via in-game ui
