
================================================================
======== txAdmin Starting - 23/09/2022, 23:28:03                
================================================================

================================================================
======== Log Rotated - 23/09/2022, 23:28:03                     
================================================================
[23:28:11] [GuoTGamer] logged in from 127.0.0.1 via citizenfx
[23:31:05] [GuoTGamer] refresh
[23:31:11] [GuoTGamer] RESTART SERVER
[23:31:42] [GuoTGamer] Editing user 'GuoTGamer'.
[23:32:27] [GuoTGamer] logged in via in-game ui
[23:32:40] [Kuijerboi] logged in via in-game ui
[13:15:40] [Kuijerboi] logged in via in-game ui
[16:19:41] [GuoTGamer] logged in via in-game ui
[17:13:30] [GuoTGamer] logged in via in-game ui
[17:20:39] [GuoTGamer] RESTART SERVER
[17:22:51] [GuoTGamer] logged in via in-game ui
[17:24:35] [Kuijerboi] logged in via in-game ui
[17:29:24] [GuoTGamer] RESTART SERVER
[17:30:22] [GuoTGamer] logged in via in-game ui
