
================================================================
======== Log Rotated - 25/09/2022, 03:43:44                     
================================================================

================================================================
======== FXServer Starting - 25/09/2022, 03:43:47               
================================================================
[    c-scripting-core] Creating script environments for _cfx_internal
[ citizen-server-impl] Scanning resources.
[38;5;163m[    c-resources-core] Resource loading for vinyard failed:
[    c-resources-core] Could not open resource metadata file - no such file.
[38;5;163m[    c-resources-core] Resource loading for dsimerc failed:
[    c-resources-core] Could not open resource metadata file - no such file.
[    c-resources-core] Resource loading for dsiq5 failed:
[    c-resources-core] Could not open resource metadata file - no such file.
[    c-resources-core] Resource loading for dsivito failed:
[    c-resources-core] Could not open resource metadata file - no such file.
[    c-resources-core] Resource loading for pamarok failed:
[    c-resources-core] Could not open resource metadata file - no such file.
[    c-resources-core] Resource loading for paudi failed:
[    c-resources-core] Could not open resource metadata file - no such file.
[    c-resources-core] Resource loading for pbklasse failed:
[    c-resources-core] Could not open resource metadata file - no such file.
[    c-resources-core] Resource loading for pbmwmotor2 failed:
[    c-resources-core] Could not open resource metadata file - no such file.
[    c-resources-core] Resource loading for pboot failed:
[    c-resources-core] Could not open resource metadata file - no such file.
[    c-resources-core] Resource loading for pfosprinter failed:
[    c-resources-core] Could not open resource metadata file - no such file.
[    c-resources-core] Resource loading for poracle failed:
[    c-resources-core] Could not open resource metadata file - no such file.
[    c-resources-core] Resource loading for pschafter failed:
[    c-resources-core] Could not open resource metadata file - no such file.
[    c-resources-core] Resource loading for pt5 failed:
[    c-resources-core] Could not open resource metadata file - no such file.
[    c-resources-core] Resource loading for pt6 failed:
[    c-resources-core] Could not open resource metadata file - no such file.
[    c-resources-core] Resource loading for ptouran failed:
[    c-resources-core] Could not open resource metadata file - no such file.
[    c-resources-core] Resource loading for ptouran11 failed:
[    c-resources-core] Could not open resource metadata file - no such file.
[    c-resources-core] Resource loading for pyamahamotor failed:
[    c-resources-core] Could not open resource metadata file - no such file.
[    c-resources-core] Resource loading for pzulu failed:
[    c-resources-core] Could not open resource metadata file - no such file.
[ citizen-server-impl] Found 158 resources.[0m
[          svadhesive] Authenticating server license key...
[38;5;66m[          svadhesive] Server license key authentication succeeded. Welcome!
[    c-scripting-core] Creating script environments for sessionmanager
[ citizen-server-impl] Started resource sessionmanager
[    c-scripting-core] Creating script environments for monitor
[      script:monitor] [txAdminClient] Version 4.17.1 starting...
[38;5;73m[ citizen-server-impl] Started resource monitor
[    c-scripting-core] Creating script environments for mapmanager
[ citizen-server-impl] Started resource mapmanager
[    c-scripting-core] Creating script environments for yarn
[ citizen-server-impl] Started resource yarn
[    c-scripting-core] Creating script environments for webpack
[ citizen-server-impl] Started resource webpack
[    c-scripting-core] Creating script environments for chat
[ citizen-server-impl] Started resource chat
[ citizen-server-impl] Started resource spawnmanager
[38;5;154m[   script:mapmanager] Started gametype Freeroam
[ citizen-server-impl] Started resource basic-gamemode
[38;5;161m[    c-scripting-core] Creating script environments for hardcap
[ citizen-server-impl] Started resource hardcap
[    c-scripting-core] Creating script environments for baseevents
[ citizen-server-impl] Started resource baseevents
[    c-scripting-core] Creating script environments for oxmysql
[38;5;73m[ citizen-server-impl] [97mStarted resource oxmysql
[    c-scripting-core] Creating script environments for qb-core
[38;5;73m[ citizen-server-impl] Started resource qb-core
[38;5;161m[    c-scripting-core] Creating script environments for PolyZone
[ citizen-server-impl] Started resource PolyZone
[ citizen-server-impl] Started resource qb-target
[ citizen-server-impl] Started resource loadscreen_crystal
[    c-scripting-core] Creating script environments for qb-spawn
[ citizen-server-impl] Started resource qb-spawn
[    c-scripting-core] Creating script environments for qb-inventory
[ citizen-server-impl] Started resource qb-inventory
[    c-scripting-core] Creating script environments for qb-multicharacter
[ citizen-server-impl] Started resource qb-multicharacter
[ citizen-server-impl] Started resource qb-lockpick
[ citizen-server-impl] Started resource qb-skillbar
[    c-scripting-core] Creating script environments for qb-houserobbery
[38;5;73m[ citizen-server-impl] Started resource qb-houserobbery
[38;5;161m[    c-scripting-core] Creating script environments for qb-jewelery
[ citizen-server-impl] Started resource qb-jewelery
[    c-scripting-core] Creating script environments for qb-storerobbery
[ citizen-server-impl] Started resource qb-storerobbery
[    c-scripting-core] [0mCreating script environments for qb-truckrobbery
[ citizen-server-impl] Started resource qb-truckrobbery
[    c-scripting-core] Creating script environments for qb-ambulancejob
[ citizen-server-impl] Started resource qb-ambulancejob
[ citizen-server-impl] Started resource burgershot
[    c-scripting-core] Creating script environments for qb-garbagejob
[ citizen-server-impl] Started resource qb-garbagejob
[    c-scripting-core] Creating script environments for qb-hotdogjob
[ citizen-server-impl] Started resource qb-hotdogjob
[    c-scripting-core] Creating script environments for qb-mechanicjob
[38;5;73m[ citizen-server-impl] [0mStarted resource qb-mechanicjob
[    c-scripting-core] Creating script environments for qb-newsjob
[ citizen-server-impl] Started resource qb-newsjob
[    c-scripting-core] Creating script environments for qb-policejob
[ citizen-server-impl] Started resource qb-policejob
[    c-scripting-core] Creating script environments for qb-recyclejob
[ citizen-server-impl] Started resource qb-recyclejob
[    c-scripting-core] Creating script environments for qb-taxijob
[38;5;73m[ citizen-server-impl] Started resource qb-taxijob
[    c-scripting-core] Creating script environments for qb-towjob
[ citizen-server-impl] Started resource qb-towjob
[    c-scripting-core] Creating script environments for qb-truckerjob
[ citizen-server-impl] Started resource qb-truckerjob
[    c-scripting-core] Creating script environments for qb-busjob
[ citizen-server-impl] Started resource qb-busjob
[ citizen-server-impl] Started resource qb-interior
[    c-scripting-core] Creating script environments for qb-clothing
[ citizen-server-impl] Started resource qb-clothing
[    c-scripting-core] Creating script environments for qb-weathersync
[ citizen-server-impl] Started resource qb-weathersync
[    c-scripting-core] Creating script environments for qb-apartments
[ citizen-server-impl] Started resource qb-apartments
[    c-scripting-core] Creating script environments for qb-atms
[ citizen-server-impl] Started resource qb-atms
[ citizen-server-impl] Started resource qb-backitems
[    c-scripting-core] Creating script environments for qb-banking
[ citizen-server-impl] Started resource qb-banking
[    c-scripting-core] Creating script environments for qb-cityhall
[ citizen-server-impl] Started resource qb-cityhall
[    c-scripting-core] Creating script environments for qb-commandbinding
[38;5;73m[ citizen-server-impl] Started resource qb-commandbinding
[38;5;73m[ citizen-server-impl] Started resource mhacking
[    c-scripting-core] Creating script environments for qb-crypto
[ citizen-server-impl] Started resource qb-crypto
[    c-scripting-core] Creating script environments for qb-customs
[ citizen-server-impl] Started resource qb-customs
[    c-scripting-core] Creating script environments for qb-diving
[ citizen-server-impl] Started resource qb-diving
[    c-scripting-core] Creating script environments for qb-doorlock
[ citizen-server-impl] Started resource qb-doorlock
[    c-scripting-core] Creating script environments for qb-drugs
[ citizen-server-impl] Started resource qb-drugs
[38;5;161m[    c-scripting-core] Creating script environments for qb-fitbit
[ citizen-server-impl] Started resource qb-fitbit
[38;5;161m[    c-scripting-core] Creating script environments for qb-garages
[ citizen-server-impl] Started resource qb-garages
[    c-scripting-core] Creating script environments for qb-houses
[ citizen-server-impl] Started resource qb-houses
[    c-scripting-core] Creating script environments for qb-hud
[38;5;73m[ citizen-server-impl] Started resource qb-hud
[38;5;73m[ citizen-server-impl] Started resource qb-input
[    c-scripting-core] Creating script environments for qb-lapraces
[ citizen-server-impl] Started resource qb-lapraces
[    c-scripting-core] Creating script environments for qb-mdt
[ citizen-server-impl] Started resource qb-mdt
[    c-scripting-core] Creating script environments for qb-management
[ citizen-server-impl] Started resource qb-management
[ citizen-server-impl] Started resource qb-menu
[                 cmd] Argument count mismatch (passed 2, wanted 1)
[    c-scripting-core] Creating script environments for qb-pawnshop
[ citizen-server-impl] Started resource qb-pawnshop
[    c-scripting-core] Creating script environments for qb-phone
[ citizen-server-impl] Started resource qb-phone
[    c-scripting-core] Creating script environments for qb-prison
[ citizen-server-impl] Started resource qb-prison
[    c-scripting-core] Creating script environments for qb-radialmenu
[ citizen-server-impl] Started resource qb-radialmenu
[38;5;161m[    c-scripting-core] Creating script environments for qb-scoreboard
[ citizen-server-impl] Started resource qb-scoreboard
[    c-scripting-core] Creating script environments for qb-scrapyard
[ citizen-server-impl] Started resource qb-scrapyard
[38;5;161m[    c-scripting-core] Creating script environments for qb-shops
[38;5;73m[ citizen-server-impl] Started resource qb-shops
[    c-scripting-core] Creating script environments for qb-smallresources
[ citizen-server-impl] Started resource qb-smallresources
[    c-scripting-core] Creating script environments for qb-streetraces
[38;5;73m[ citizen-server-impl] Started resource qb-streetraces
[    c-scripting-core] Creating script environments for qb-traphouse
[ citizen-server-impl] Started resource qb-traphouse
[    c-scripting-core] Creating script environments for qb-tunerchip
[38;5;73m[ citizen-server-impl] Started resource qb-tunerchip
[    c-scripting-core] Creating script environments for qb-vehiclefailure
[ citizen-server-impl] Started resource qb-vehiclefailure
[    c-scripting-core] Creating script environments for qb-vehiclekeys
[ citizen-server-impl] Started resource qb-vehiclekeys
[    c-scripting-core] Creating script environments for qb-vehiclesales
[ citizen-server-impl] Started resource qb-vehiclesales
[    c-scripting-core] Creating script environments for qb-vehicleshop
[ citizen-server-impl] Started resource qb-vehicleshop
[    c-scripting-core] Creating script environments for qb-vineyard
[ citizen-server-impl] Started resource qb-vineyard
[    c-scripting-core] Creating script environments for qb-weapons
[ citizen-server-impl] Started resource qb-weapons
[    c-scripting-core] Creating script environments for qb-weed
[ citizen-server-impl] Started resource qb-weed
[ citizen-server-impl] Started resource menuv
[38;5;161m[    c-scripting-core] Creating script environments for qb-adminmenu
[ citizen-server-impl] Started resource qb-adminmenu
[ citizen-server-impl] Started resource bob74_ipl
[38;5;161m[    c-scripting-core] [0mCreating script environments for connectqueue
[ script:connectqueue] QUEUE:  [connectqueue] Disabling hardcap 
[ citizen-server-impl] Stopping resource hardcap
[ citizen-server-impl] Started resource connectqueue
[    c-scripting-core] Creating script environments for dpemotes
[     script:dpemotes] [dp] Sql Keybinding is turned off, if you want to enable /emotebind, import dpkeybinding.sql and set SqlKeybinding = true in config.lua.
[ citizen-server-impl] Started resource dpemotes
[    c-scripting-core] Creating script environments for interact-sound
[ citizen-server-impl] Started resource interact-sound
[    c-scripting-core] Creating script environments for LegacyFuel
[ citizen-server-impl] Started resource LegacyFuel
[ citizen-server-impl] Started resource progressbar
[38;5;73m[ citizen-server-impl] Started resource safecracker
[38;5;73m[ citizen-server-impl] Started resource CarCommand
[ citizen-server-impl] Started resource qb-keyminigame
[ citizen-server-impl] Asset ajaxon_burton_lsc/ajaxon_burton_lsc.ytd uses 45.0 MiB of physical memory.
[38;5;73m[ citizen-server-impl] Asset ajaxon_burton_lsc/bt1_02_build.ytd uses 25.1 MiB of physical memory.
[ citizen-server-impl] Started resource ajaxon_burton_lsc
[ citizen-server-impl] Asset extra-maps/globalroads.ytd uses 24.9 MiB of physical memory.
[ citizen-server-impl] Started resource extra-maps
[ citizen-server-impl] Started resource illegal_hospital
[ citizen-server-impl] Couldn't find resource justice.
[ citizen-server-impl] Started resource map-bennys
[ citizen-server-impl] Started resource map-bikers
[ citizen-server-impl] Asset map-cardealer/textureauto.ytd uses 28.1 MiB of physical memory.
[ citizen-server-impl] Started resource map-cardealer
[ citizen-server-impl] Started resource map-crypt
[ citizen-server-impl] Asset map-customs/v_43_txd.ytd uses 25.0 MiB of physical memory.
[ citizen-server-impl] Started resource map-customs
[ citizen-server-impl] Started resource map-depot
[ citizen-server-impl] Started resource map-fightclub
[ citizen-server-impl] Started resource map-hunting
[ citizen-server-impl] Asset map-mechanic/lr_supermod_txd.ytd uses 26.1 MiB of physical memory.
[ citizen-server-impl] Started resource map-mechanic
[ citizen-server-impl] Started resource map-pizza
[ citizen-server-impl] Started resource map-police
[ citizen-server-impl] Started resource map-police-paleto
[ citizen-server-impl] Asset map-police-vespucci/vw_vwint05_casino_carpark_np_shell.ydr uses 22.0 MiB of physical memory.
[ citizen-server-impl] Started resource map-police-vespucci
[ citizen-server-impl] Asset map-prison/prison_armoury_details1.ydr uses 21.0 MiB of physical memory.
[ citizen-server-impl] Started resource map-prison
[ citizen-server-impl] Started resource map-store-grocery
[ citizen-server-impl] Started resource map-store-liqour
[ citizen-server-impl] Asset map-taxi/texturetaxi.ytd uses 19.1 MiB of physical memory.
[ citizen-server-impl] Started resource map-taxi
[ citizen-server-impl] Asset map-unicorn/v_19_stripclub.ytd uses 40.5 MiB of physical memory.
[ citizen-server-impl] Started resource map-unicorn
[ citizen-server-impl] Started resource map-yoga
[ citizen-server-impl] Asset pillbox_hospital/gabz_pillbox_textures_01.ytd uses 22.5 MiB of physical memory.
[ citizen-server-impl] Started resource pillbox_hospital
[ citizen-server-impl] Started resource redroom
[ citizen-server-impl] Couldn't find resource rhpd.
[ citizen-server-impl] Started resource wedding
[ citizen-server-impl] Asset winkelcenter/shmann_center_shop.ydr uses 16.5 MiB of virtual memory.
[ citizen-server-impl] Asset winkelcenter/shmann_center_textures.ytd uses 22.8 MiB of physical memory.
[ citizen-server-impl] Started resource winkelcenter
[ citizen-server-impl] Started resource ipl_coke
[ citizen-server-impl] Started resource map-coke
[ citizen-server-impl] Couldn't find resource dsimerc.
[ citizen-server-impl] Couldn't find resource dsiq5.
[ citizen-server-impl] Couldn't find resource dsivito.
[ citizen-server-impl] Couldn't find resource pamarok.
[ citizen-server-impl] Couldn't find resource paudi.
[ citizen-server-impl] Couldn't find resource pbklasse.
[ citizen-server-impl] Couldn't find resource pbmwmotor2.
[ citizen-server-impl] Couldn't find resource pboot.
[ citizen-server-impl] Couldn't find resource pfosprinter.
[ citizen-server-impl] Couldn't find resource poracle.
[ citizen-server-impl] Couldn't find resource pschafter.
[ citizen-server-impl] Couldn't find resource pt5.
[ citizen-server-impl] Couldn't find resource pt6.
[ citizen-server-impl] Couldn't find resource ptouran.
[ citizen-server-impl] Couldn't find resource ptouran11.
[ citizen-server-impl] Couldn't find resource pyamahamotor.
[ citizen-server-impl] Couldn't find resource pzulu.
[    c-scripting-core] Creating script environments for pma-voice
[ citizen-server-impl] Started resource pma-voice
[    c-scripting-core] Creating script environments for qb-radio
[ citizen-server-impl] Started resource qb-radio
[      script:monitor] [txAdminClient] Threads and commands set up. All Ready.
[   script:mapmanager] Started map fivem-map-hipster
[ citizen-server-impl] Started resource fivem-map-hipster
[38;5;42m[      script:oxmysql] Database server connection established!
[      script:oxmysql] An update is available for oxmysql (current version: 2.5.0)
[      script:oxmysql] https://github.com/overextended/oxmysql/releases/tag/v2.5.1
[     script:dpemotes] 
[     script:dpemotes] dp Emotes (dpemotes) is up to date. (173)
[ citizen-server-impl]         fff                          
[ citizen-server-impl]   cccc ff   xx  xx     rr rr    eee  
[ citizen-server-impl] cc     ffff   xx       rrr  r ee   e 
[ citizen-server-impl] cc     ff     xx   ... rr     eeeee  
[ citizen-server-impl]  ccccc ff   xx  xx ... rr      eeeee 
[ citizen-server-impl]                                      
[ citizen-server-impl] Authenticated with cfx.re Nucleus: https://guotgamer-4pdkyv.users.cfx.re/
[38;5;186m[ citizen-server-main] -> Quitting: SIGHUP received
