
================================================================
======== Log Rotated - 22/09/2022, 00:00:00                     
================================================================
[16:37:14] [8MQmp#2] Kuijerboi: joined with identifiers [license:0a570d6d582316f038efd06dbff72b43777bfe66; xbl:2535421008676910; live:844425123962056; discord:372758785288044547; license2:ca449baa511b3a94320f2ed2b2566017183af7d0]
[16:43:34] [8MQmp#2] Kuijerboi: enabled noclip
[16:44:22] [8MQmp#2] Kuijerboi: became mortal (standard mode)
[16:46:01] [8MQmp#2] Kuijerboi: disconnected (Exiting)
[16:52:00] txAdmin: Logger started
[16:52:49] [eXAyt#1] Kuijerboi: joined with identifiers [license:0a570d6d582316f038efd06dbff72b43777bfe66; xbl:2535421008676910; live:844425123962056; discord:372758785288044547; license2:ca449baa511b3a94320f2ed2b2566017183af7d0]
[16:54:25] [eXAyt#1] Kuijerboi: disconnected (Exiting)
[17:15:23] txAdmin: Logger started
[17:15:50] [c9nnQ#1] Kuijerboi: joined with identifiers [license:0a570d6d582316f038efd06dbff72b43777bfe66; xbl:2535421008676910; live:844425123962056; discord:372758785288044547; license2:ca449baa511b3a94320f2ed2b2566017183af7d0]
[17:16:56] [c9nnQ#1] Kuijerboi: enabled noclip
[17:17:34] [c9nnQ#1] Kuijerboi: became mortal (standard mode)
[17:17:44] [c9nnQ#1] Kuijerboi: enabled noclip
[17:17:51] [c9nnQ#1] Kuijerboi: became mortal (standard mode)
[17:18:02] [c9nnQ#1] Kuijerboi: enabled noclip
[17:18:03] [c9nnQ#1] Kuijerboi: became mortal (standard mode)
[17:19:48] [c9nnQ#1] Kuijerboi: disconnected ([txAdmin] Server restarting (requested by GuoTGamer).)
[17:19:59] txAdmin: Logger started
[17:21:44] [zYrjf#1] Kuijerboi: joined with identifiers [license:0a570d6d582316f038efd06dbff72b43777bfe66; xbl:2535421008676910; live:844425123962056; discord:372758785288044547; license2:ca449baa511b3a94320f2ed2b2566017183af7d0]
[17:23:08] [zYrjf#1] Kuijerboi: said "/carry"
[17:23:09] [zYrjf#1] Kuijerboi: said "/carry"
[17:28:29] [zYrjf#1] Kuijerboi: enabled noclip
[17:28:39] [zYrjf#1] Kuijerboi: became mortal (standard mode)
[17:29:15] [zYrjf#1] Kuijerboi: enabled noclip
[17:30:01] [zYrjf#1] Kuijerboi: healed themself
