
================================================================
======== txAdmin Starting - 20/09/2022, 18:43:42                
================================================================
[18:46:51] txAdmin: Logger started
[18:49:50] txAdmin: Logger started
[18:50:17] [nb33N#1] svenm: joined with identifiers [license:cd4f4bb214121cf6245f8c9a0da1622e1724c92c; xbl:2535451119976604; live:1055521129535670; discord:280259899479556096; fivem:1157002; license2:9e5a547ad2970f1aabd47762ce854e50d614ef7b]
[18:52:16] [nb33N#1] svenm: said "/sv sultan"
[18:52:23] [nb33N#1] svenm: said "/sv sultan"
[18:52:25] [nb33N#1] svenm: said "/sv bati"
[18:54:14] [nb33N#1] svenm: disconnected (Exiting)
[19:21:28] txAdmin: Logger started
[19:22:03] [kjhrT#1] svenm: joined with identifiers [license:cd4f4bb214121cf6245f8c9a0da1622e1724c92c; xbl:2535451119976604; live:1055521129535670; discord:280259899479556096; fivem:1157002; license2:9e5a547ad2970f1aabd47762ce854e50d614ef7b]
[19:23:32] [kjhrT#1] svenm: disconnected (Exiting)
[19:23:46] txAdmin: Logger started
[19:24:24] [WbR4Q#1] svenm: joined with identifiers [license:cd4f4bb214121cf6245f8c9a0da1622e1724c92c; xbl:2535451119976604; live:1055521129535670; discord:280259899479556096; fivem:1157002; license2:9e5a547ad2970f1aabd47762ce854e50d614ef7b]
[19:27:44] [WbR4Q#1] svenm: disconnected (Exiting)

================================================================
======== txAdmin Starting - 20/09/2022, 19:28:19                
================================================================
[19:28:28] txAdmin: Logger started
[19:28:55] [GcpYt#1] svenm: joined with identifiers [license:cd4f4bb214121cf6245f8c9a0da1622e1724c92c; xbl:2535451119976604; live:1055521129535670; discord:280259899479556096; fivem:1157002; license2:9e5a547ad2970f1aabd47762ce854e50d614ef7b]
[19:36:26] [GcpYt#1] svenm: disconnected ([txAdmin] Server restarting (requested by GuoTGamer).)
[19:36:37] txAdmin: Logger started
[19:37:21] txAdmin: Logger started
[19:38:32] [EEdVQ#1] svenm: joined with identifiers [license:cd4f4bb214121cf6245f8c9a0da1622e1724c92c; xbl:2535451119976604; live:1055521129535670; discord:280259899479556096; fivem:1157002; license2:9e5a547ad2970f1aabd47762ce854e50d614ef7b]
[19:39:43] [EEdVQ#1] svenm: enabled noclip
[19:40:02] [EEdVQ#1] svenm: became mortal (standard mode)
[19:40:48] [EEdVQ#1] svenm: disconnected ([txAdmin] Server restarting (requested by GuoTGamer).)
[19:40:59] txAdmin: Logger started
[19:42:13] txAdmin: Logger started
[19:42:41] [XiBjj#1] svenm: joined with identifiers [license:cd4f4bb214121cf6245f8c9a0da1622e1724c92c; xbl:2535451119976604; live:1055521129535670; discord:280259899479556096; fivem:1157002; license2:9e5a547ad2970f1aabd47762ce854e50d614ef7b]
[19:45:50] [XiBjj#1] svenm: disconnected (Exiting)
[19:46:07] txAdmin: Logger started
[19:47:13] [kn6Xp#1] svenm: joined with identifiers [license:cd4f4bb214121cf6245f8c9a0da1622e1724c92c; xbl:2535451119976604; live:1055521129535670; discord:280259899479556096; fivem:1157002; license2:9e5a547ad2970f1aabd47762ce854e50d614ef7b]
[19:49:06] [kn6Xp#1] svenm: disconnected ([txAdmin] Server restarting (requested by GuoTGamer).)
[19:49:18] txAdmin: Logger started
[19:49:45] [cDFYH#1] svenm: joined with identifiers [license:cd4f4bb214121cf6245f8c9a0da1622e1724c92c; xbl:2535451119976604; live:1055521129535670; discord:280259899479556096; fivem:1157002; license2:9e5a547ad2970f1aabd47762ce854e50d614ef7b]
[19:52:04] [cDFYH#1] svenm: disconnected ([txAdmin] Server restarting (requested by GuoTGamer).)
[19:52:15] txAdmin: Logger started
[19:52:53] [M7wLz#1] svenm: joined with identifiers [license:cd4f4bb214121cf6245f8c9a0da1622e1724c92c; xbl:2535451119976604; live:1055521129535670; discord:280259899479556096; fivem:1157002; license2:9e5a547ad2970f1aabd47762ce854e50d614ef7b]
[20:25:28] [M7wLz#1] svenm: said "/sv police"
[20:30:14] [M7wLz#1] svenm: disconnected ([txAdmin] Server restarting (requested by GuoTGamer).)
[20:30:50] txAdmin: Logger started
[20:31:01] [AXaFT#1] svenm: joined with identifiers [license:cd4f4bb214121cf6245f8c9a0da1622e1724c92c; xbl:2535451119976604; live:1055521129535670; discord:280259899479556096; fivem:1157002; license2:9e5a547ad2970f1aabd47762ce854e50d614ef7b]
[20:31:48] [AXaFT#1] svenm: said "/svdsimerc"
[20:31:50] [AXaFT#1] svenm: said "/sv dsimerc"
[20:32:26] [AXaFT#1] svenm: said "/sv paudi"
[20:41:32] [AXaFT#1] svenm: disconnected ([txAdmin] Server restarting (requested by GuoTGamer).)
[20:41:43] txAdmin: Logger started
[20:42:11] [iybty#1] svenm: joined with identifiers [license:cd4f4bb214121cf6245f8c9a0da1622e1724c92c; xbl:2535451119976604; live:1055521129535670; discord:280259899479556096; fivem:1157002; license2:9e5a547ad2970f1aabd47762ce854e50d614ef7b]
[20:42:57] [iybty#1] svenm: said "/sv dsivito"
[20:46:30] [iybty#1] svenm: disconnected ([txAdmin] Server restarting (requested by GuoTGamer).)
[20:46:42] txAdmin: Logger started
[20:47:11] [8MQmp#1] svenm: joined with identifiers [license:cd4f4bb214121cf6245f8c9a0da1622e1724c92c; xbl:2535451119976604; live:1055521129535670; discord:280259899479556096; fivem:1157002; license2:9e5a547ad2970f1aabd47762ce854e50d614ef7b]
[20:47:49] [8MQmp#1] svenm: said "/sv dsivito"
[20:48:24] [8MQmp#1] svenm: enabled noclip
[20:48:24] [8MQmp#1] svenm: became mortal (standard mode)
[20:48:25] [8MQmp#1] svenm: enabled noclip
[20:48:31] [8MQmp#1] svenm: became mortal (standard mode)
[20:55:22] [8MQmp#1] svenm: said "/uit"
[20:55:24] [8MQmp#1] svenm: disconnected (Exiting)
