
================================================================
======== Log Rotated - 24/09/2022, 00:00:00                     
================================================================
[13:15:20] [mEJ6Q#3] Kuijerboi: joined with identifiers [license:0a570d6d582316f038efd06dbff72b43777bfe66; xbl:2535421008676910; live:844425123962056; discord:372758785288044547; license2:ca449baa511b3a94320f2ed2b2566017183af7d0]
[13:16:08] [mEJ6Q#3] Kuijerboi: teleported to coordinates (x=1009.500, y=-3196.600, z=-38.997)
[13:16:11] [mEJ6Q#3] Kuijerboi: enabled noclip
[13:17:27] [mEJ6Q#3] Kuijerboi: disconnected (Exiting)
[16:19:18] [mEJ6Q#4] svenm: joined with identifiers [license:cd4f4bb214121cf6245f8c9a0da1622e1724c92c; xbl:2535451119976604; live:1055521129535670; discord:280259899479556096; fivem:1157002; license2:9e5a547ad2970f1aabd47762ce854e50d614ef7b]
[16:28:40] [mEJ6Q#4] svenm: disconnected (Exiting)
[17:13:09] [mEJ6Q#5] svenm: joined with identifiers [license:cd4f4bb214121cf6245f8c9a0da1622e1724c92c; xbl:2535451119976604; live:1055521129535670; discord:280259899479556096; fivem:1157002; license2:9e5a547ad2970f1aabd47762ce854e50d614ef7b]
[17:15:06] [mEJ6Q#5] svenm: disconnected (Exiting)
[17:20:50] txAdmin: Logger started
[17:22:31] [xQcqn#1] svenm: joined with identifiers [license:cd4f4bb214121cf6245f8c9a0da1622e1724c92c; xbl:2535451119976604; live:1055521129535670; discord:280259899479556096; fivem:1157002; license2:9e5a547ad2970f1aabd47762ce854e50d614ef7b]
[17:24:15] [xQcqn#2] Kuijerboi: joined with identifiers [license:0a570d6d582316f038efd06dbff72b43777bfe66; xbl:2535421008676910; live:844425123962056; discord:372758785288044547; license2:ca449baa511b3a94320f2ed2b2566017183af7d0]
[17:24:57] [xQcqn#2] Kuijerboi: died from suicide (Falling)
[17:25:08] [xQcqn#2] Kuijerboi: healed themself
[17:25:22] [xQcqn#1] svenm: teleported to coordinates (x=-536.798, y=-1786.452, z=21.609)
[17:25:30] [xQcqn#1] svenm: enabled noclip
[17:25:35] [xQcqn#1] svenm: became mortal (standard mode)
[17:26:39] [xQcqn#2] Kuijerboi: teleported to coordinates (x=1009.500, y=-3196.600, z=-38.997)
[17:28:03] [xQcqn#1] svenm: teleported to coordinates (x=437.170, y=-1981.550, z=17.280)
[17:28:06] [xQcqn#1] svenm: enabled noclip
[17:28:12] [xQcqn#1] svenm: became mortal (standard mode)
[17:29:25] [xQcqn#1] svenm: disconnected ([txAdmin] Server restarting (requested by GuoTGamer).)
[17:29:25] [xQcqn#2] Kuijerboi: disconnected ([txAdmin] Server restarting (requested by GuoTGamer).)
[17:29:36] txAdmin: Logger started
[17:30:06] [Gdm36#1] svenm: joined with identifiers [license:cd4f4bb214121cf6245f8c9a0da1622e1724c92c; xbl:2535451119976604; live:1055521129535670; discord:280259899479556096; fivem:1157002; license2:9e5a547ad2970f1aabd47762ce854e50d614ef7b]
[17:34:52] [Gdm36#1] svenm: enabled noclip
[17:34:53] [Gdm36#1] svenm: became mortal (standard mode)
[17:34:54] [Gdm36#1] svenm: enabled noclip
[17:37:20] [Gdm36#1] svenm: teleported to coordinates (x=-536.798, y=-1786.452, z=21.609)
[17:37:53] [Gdm36#1] svenm: disconnected (Exiting)
