
================================================================
======== txAdmin Starting - 23/09/2022, 23:28:03                
================================================================

================================================================
======== Log Rotated - 23/09/2022, 23:28:03                     
================================================================
[23:28:40] txAdmin: Logger started
[23:31:23] txAdmin: Logger started
[23:32:04] [mEJ6Q#1] MRUselessPotato: joined with identifiers [license:cd4f4bb214121cf6245f8c9a0da1622e1724c92c; xbl:2535451119976604; live:1055521129535670; discord:280259899479556096; fivem:1157002; license2:9e5a547ad2970f1aabd47762ce854e50d614ef7b]
[23:32:10] [mEJ6Q#2] Kuijerboi: joined with identifiers [license:0a570d6d582316f038efd06dbff72b43777bfe66; xbl:2535421008676910; live:844425123962056; discord:372758785288044547; license2:ca449baa511b3a94320f2ed2b2566017183af7d0]
[23:33:37] [mEJ6Q#2] Kuijerboi: teleported to coordinates (x=1009.500, y=-3196.600, z=-38.997)
[23:33:59] [mEJ6Q#2] Kuijerboi: teleported to a waypoint
[23:34:00] [mEJ6Q#2] Kuijerboi: enabled noclip
[23:34:37] [mEJ6Q#2] Kuijerboi: teleported to coordinates (x=1009.500, y=-3196.600, z=-38.997)
[23:34:45] [mEJ6Q#2] Kuijerboi: became mortal (standard mode)
[23:34:48] [mEJ6Q#1] MRUselessPotato: disconnected (Exiting)
[23:34:50] [mEJ6Q#2] Kuijerboi: said "/carry"
[23:34:51] [mEJ6Q#2] Kuijerboi: said "/carry"
[23:35:00] [mEJ6Q#2] Kuijerboi: said "/carry"
[23:35:13] [mEJ6Q#2] Kuijerboi: disconnected (Exiting)
